11:33:11 INFO  : Registering command handlers for SDK TCF services
11:33:12 INFO  : Launching XSCT server: xsct -n -interactive /home/user/Documents/embedded_systems_project/thermostat/thermostat.sdk/temp_xsdb_launch_script.tcl
11:33:14 INFO  : XSCT server has started successfully.
11:33:14 INFO  : Successfully done setting XSCT server connection channel  
11:33:14 INFO  : Successfully done setting SDK workspace  
11:33:14 INFO  : Processing command line option -hwspec /home/user/Documents/embedded_systems_project/thermostat/thermostat.sdk/design_1_wrapper.hdf.
13:29:06 INFO  : Registering command handlers for SDK TCF services
13:29:06 INFO  : Launching XSCT server: xsct -n -interactive /home/user/Documents/embedded_systems_project/thermostat/thermostat.sdk/temp_xsdb_launch_script.tcl
13:29:08 INFO  : XSCT server has started successfully.
13:29:09 INFO  : Successfully done setting XSCT server connection channel  
13:29:09 INFO  : Successfully done setting SDK workspace  
13:29:09 INFO  : Processing command line option -hwspec /home/user/Documents/embedded_systems_project/thermostat/thermostat.sdk/design_1_wrapper.hdf.
13:29:09 INFO  : Checking for hwspec changes in the project design_1_wrapper_hw_platform_0.
13:29:11 INFO  : SDK has detected change in the last modified timestamps for source hardware specification file Source:1576002495000,  Project:1575995377000
13:29:11 INFO  : The hardware specification for project 'design_1_wrapper_hw_platform_0' is different from /home/user/Documents/embedded_systems_project/thermostat/thermostat.sdk/design_1_wrapper.hdf.
13:29:11 INFO  : Copied contents of /home/user/Documents/embedded_systems_project/thermostat/thermostat.sdk/design_1_wrapper.hdf into /design_1_wrapper_hw_platform_0/system.hdf.
13:29:23 INFO  : Synchronizing projects in the workspace with the hardware platform specification changes.
13:29:24 INFO  : 
13:29:25 INFO  : Updating hardware inferred compiler options for thermostat.
13:29:25 INFO  : Clearing existing target manager status.
